Flutter crash report; please file at https://github.com/flutter/flutter/issues.

## command

flutter build apk --split-per-abi

## exception

ArgumentError: Invalid argument(s): Cannot find executable for C:\Users\Admin\Desktop\weather_prediction\android\gradlew.bat.

```
#0      _getExecutable (package:process/src/interface/local_process_manager.dart:127:5)
#1      LocalProcessManager.start (package:process/src/interface/local_process_manager.dart:43:30)
#2      _DefaultProcessUtils.start (package:flutter_tools/src/base/process.dart:462:28)
#3      _DefaultProcessUtils.stream (package:flutter_tools/src/base/process.dart:480:35)
#4      buildGradleApp (package:flutter_tools/src/android/gradle.dart:384:35)
#5      _AndroidBuilderImpl.buildApk (package:flutter_tools/src/android/android_builder.dart:102:13)
#6      BuildApkCommand.runCommand (package:flutter_tools/src/commands/build_apk.dart:114:26)
#7      FlutterCommand.verifyThenRunCommand (package:flutter_tools/src/runner/flutter_command.dart:723:18)
#8      _rootRunUnary (dart:async/zone.dart:1192:38)
#9      _CustomZone.runUnary (dart:async/zone.dart:1085:19)
#10     _FutureListener.handleValue (dart:async/future_impl.dart:141:18)
#11     Future._propagateToListeners.handleValueCallback (dart:async/future_impl.dart:682:45)
#12     Future._propagateToListeners (dart:async/future_impl.dart:711:32)
#13     Future._completeWithValue (dart:async/future_impl.dart:526:5)
#14     Future._asyncComplete.<anonymous closure> (dart:async/future_impl.dart:556:7)
#15     _rootRun (dart:async/zone.dart:1184:13)
#16     _CustomZone.run (dart:async/zone.dart:1077:19)
#17     _CustomZone.runGuarded (dart:async/zone.dart:979:7)
#18     _CustomZone.bindCallbackGuarded.<anonymous closure> (dart:async/zone.dart:1019:23)
#19     _microtaskLoop (dart:async/schedule_microtask.dart:43:21)
#20     _startMicrotaskLoop (dart:async/schedule_microtask.dart:52:5)
#21     _runPendingImmediateCallback (dart:isolate-patch/isolate_patch.dart:118:13)
#22     _RawReceivePortImpl._handleMessage (dart:isolate-patch/isolate_patch.dart:169:5)
```

## flutter doctor

```
[✓] Flutter (Channel stable, v1.17.1, on Microsoft Windows [Version 10.0.19041.388], locale en-US)
    • Flutter version 1.17.1 at C:\flutter
    • Framework revision f7a6a7906b (3 months ago), 2020-05-12 18:39:00 -0700
    • Engine revision 6bc433c6b6
    • Dart version 2.8.2

[!] Android toolchain - develop for Android devices (Android SDK version 29.0.3)
    • Android SDK at C:\Users\Admin\AppData\Local\Android\sdk
    • Platform android-29, build-tools 29.0.3
    • Java binary at: C:\Program Files\Android\Android Studio1\jre\bin\java
    • Java version OpenJDK Runtime Environment (build 1.8.0_212-release-1586-b04)
    ✗ Android license status unknown.
      Try re-installing or updating your Android SDK Manager.
      See https://developer.android.com/studio/#downloads or visit visit https://flutter.dev/docs/get-started/install/windows#android-setup for detailed instructions.

[✓] Android Studio (version 3.6)
    • Android Studio at C:\Program Files\Android\Android Studio1
    • Flutter plugin version 47.1.1
    • Dart plugin version 192.8052
    • Java version OpenJDK Runtime Environment (build 1.8.0_212-release-1586-b04)

[!] Android Studio (version 4.0)
    • Android Studio at C:\Program Files\Android\Android Studio
    • Flutter plugin version 47.1.2
    • Dart plugin version 193.7361
    ✗ Unable to determine bundled Java version.
    • Try updating or re-installing Android Studio.

[✓] VS Code, 64-bit edition (version 1.47.3)
    • VS Code at C:\Program Files\Microsoft VS Code
    • Flutter extension version 3.12.2

[!] Connected device
    ! No devices available

! Doctor found issues in 3 categories.
```
